-------------------------------------------------------------------------------
Test set: org.hemani.javabrains.AppTest
-------------------------------------------------------------------------------
Tests run: 1, Failures: 1, Errors: 0, Skipped: 0, Time elapsed: 0.026 sec <<< FAILURE!
testApp(org.hemani.javabrains.AppTest)  Time elapsed: 0.017 sec  <<< FAILURE!
junit.framework.AssertionFailedError
	at junit.framework.Assert.fail(Assert.java:47)
	at junit.framework.Assert.assertTrue(Assert.java:20)
	at junit.framework.Assert.assertTrue(Assert.java:27)
	at org.hemani.javabrains.AppTest.testApp(AppTest.java:36)

